c:\users\acer\source\repos\19bit_final\19bit_final\debug\vc142.pdb
c:\users\acer\source\repos\19bit_final\19bit_final\debug\vc142.idb
c:\users\acer\source\repos\19bit_final\19bit_final\debug\timkiemmenu.obj
c:\users\acer\source\repos\19bit_final\19bit_final\debug\phongban.obj
c:\users\acer\source\repos\19bit_final\19bit_final\debug\mainmenu.obj
c:\users\acer\source\repos\19bit_final\19bit_final\debug\main.obj
c:\users\acer\source\repos\19bit_final\19bit_final\debug\phongbanmenu.obj
c:\users\acer\source\repos\19bit_final\19bit_final\debug\nhanvienmenu.obj
c:\users\acer\source\repos\19bit_final\19bit_final\debug\extend.obj
c:\users\acer\source\repos\19bit_final\19bit_final\debug\fort.obj
c:\users\acer\source\repos\19bit_final\debug\19bit_final.exe
c:\users\acer\source\repos\19bit_final\debug\19bit_final.ilk
c:\users\acer\source\repos\19bit_final\debug\19bit_final.pdb
c:\users\acer\source\repos\19bit_final\19bit_final\debug\phongban.obj.enc
c:\users\acer\source\repos\19bit_final\19bit_final\debug\19bit_final.tlog\cl.command.1.tlog
c:\users\acer\source\repos\19bit_final\19bit_final\debug\19bit_final.tlog\cl.read.1.tlog
c:\users\acer\source\repos\19bit_final\19bit_final\debug\19bit_final.tlog\cl.write.1.tlog
c:\users\acer\source\repos\19bit_final\19bit_final\debug\19bit_final.tlog\link.command.1.tlog
c:\users\acer\source\repos\19bit_final\19bit_final\debug\19bit_final.tlog\link.read.1.tlog
c:\users\acer\source\repos\19bit_final\19bit_final\debug\19bit_final.tlog\link.write.1.tlog
